<?xml version="1.0" encoding="UTF-8"?>
<testsuite xmlns:xsi="http://www.w3.org/2001/XMLSchema-instance" xsi:noNamespaceSchemaLocation="https://maven.apache.org/surefire/maven-surefire-plugin/xsd/surefire-test-report-3.0.xsd" version="3.0" name="TestSuite" time="38.829" tests="1" errors="0" skipped="0" failures="0">
  <properties>
[...]
</properties>
  <testcase name="testProductWorkflow" classname="tests.ProductWorkflowTest" time="30.548">
    <system-out><![CDATA[Starting Chrome Browser...
Chrome launched successfully.
===== Starting Flipkart Workflow Test =====
No popup appeared
Screenshot saved: C:\Users\sindh\eclipse-workspace\flipkart_automation\screenshots\HomePage_20251021_012852.png
-> Searched for: phone
Screenshot saved: C:\Users\sindh\eclipse-workspace\flipkart_automation\screenshots\SearchResults_20251021_012857.png
-> Sorted by Price: Low to High
-> Search results loaded successfully.
Screenshot saved: C:\Users\sindh\eclipse-workspace\flipkart_automation\screenshots\AfterSorting_20251021_012857.png
Screenshot saved: C:\Users\sindh\eclipse-workspace\flipkart_automation\screenshots\SortedResults_20251021_012858.png
-> Selected brand: Apple
-> Search results loaded successfully.
Screenshot saved: C:\Users\sindh\eclipse-workspace\flipkart_automation\screenshots\AfterBrand_Apple_20251021_012859.png
Screenshot saved: C:\Users\sindh\eclipse-workspace\flipkart_automation\screenshots\Brand_Apple_20251021_012901.png
-> Selected brand: Google
-> Search results loaded successfully.
Screenshot saved: C:\Users\sindh\eclipse-workspace\flipkart_automation\screenshots\AfterBrand_Google_20251021_012902.png
Screenshot saved: C:\Users\sindh\eclipse-workspace\flipkart_automation\screenshots\Brand_Google_20251021_012903.png
-> Selected brand: vivo
-> Search results loaded successfully.
Screenshot saved: C:\Users\sindh\eclipse-workspace\flipkart_automation\screenshots\AfterBrand_vivo_20251021_012904.png
Screenshot saved: C:\Users\sindh\eclipse-workspace\flipkart_automation\screenshots\Brand_Vivo_20251021_012905.png
-> Applied RAM filter: 8 GB & Above
-> Search results loaded successfully.
Screenshot saved: C:\Users\sindh\eclipse-workspace\flipkart_automation\screenshots\AfterRAMFilter_20251021_012906.png
Screenshot saved: C:\Users\sindh\eclipse-workspace\flipkart_automation\screenshots\RAM_FilteredResults_20251021_012907.png
-> Opened first product successfully.
Screenshot saved: C:\Users\sindh\eclipse-workspace\flipkart_automation\screenshots\AfterOpeningProduct_20251021_012908.png
Screenshot saved: C:\Users\sindh\eclipse-workspace\flipkart_automation\screenshots\FirstProduct_20251021_012909.png
Switched to product tab
Screenshot saved: C:\Users\sindh\eclipse-workspace\flipkart_automation\screenshots\ProductPage_20251021_012912.png
-> Product added to cart successfully.
Screenshot saved: C:\Users\sindh\eclipse-workspace\flipkart_automation\screenshots\CartPage_20251021_012914.png
Screenshot saved: C:\Users\sindh\eclipse-workspace\flipkart_automation\screenshots\FinalCart_20251021_012917.png
âœ… Cart opened successfully
Browser closed successfully.
]]></system-out>
    <system-err><![CDATA[Oct 21, 2025 1:28:48 AM org.openqa.selenium.devtools.CdpVersionFinder findNearestMatch
WARNING: Unable to find CDP implementation matching 141
Oct 21, 2025 1:28:48 AM org.openqa.selenium.chromium.ChromiumDriver lambda$new$5
WARNING: Unable to find version of CDP to use for 141.0.7390.108. You may need to include a dependency on a specific version of the CDP using something similar to `org.seleniumhq.selenium:selenium-devtools-v86:4.11.0` where the version ("v86") matches the version of the chromium-based browser you're using and the version number of the artifact is the same as Selenium's.
]]></system-err>
  </testcase>
</testsuite>