<?xml version="1.0" encoding="UTF-8"?>
<testng-results ignored="0" total="1" passed="1" failed="0" skipped="0">
  <reporter-output>
  </reporter-output>
  <suite started-at="2025-10-21T01:27:10 IST" name="Flipkart Automation Suite" finished-at="2025-10-21T01:27:45 IST" duration-ms="35040">
    <groups>
    </groups>
    <test started-at="2025-10-21T01:27:10 IST" name="ProductWorkflow" finished-at="2025-10-21T01:27:45 IST" duration-ms="35040">
      <class name="tests.ProductWorkflowTest">
        <test-method is-config="true" signature="setUp()[pri:0, instance:tests.ProductWorkflowTest@72bc6553]" started-at="2025-10-21T01:27:10 IST" name="setUp" finished-at="2025-10-21T01:27:14 IST" duration-ms="4369" status="PASS">
          <reporter-output>
          </reporter-output>
        </test-method> <!-- setUp -->
        <test-method signature="testProductWorkflow()[pri:0, instance:tests.ProductWorkflowTest@72bc6553]" started-at="2025-10-21T01:27:14 IST" name="testProductWorkflow" finished-at="2025-10-21T01:27:45 IST" duration-ms="30591" status="PASS">
          <reporter-output>
          </reporter-output>
        </test-method> <!-- testProductWorkflow -->
        <test-method is-config="true" signature="tearDown()[pri:0, instance:tests.ProductWorkflowTest@72bc6553]" started-at="2025-10-21T01:27:45 IST" name="tearDown" finished-at="2025-10-21T01:27:45 IST" duration-ms="0" status="PASS">
          <reporter-output>
          </reporter-output>
        </test-method> <!-- tearDown -->
      </class> <!-- tests.ProductWorkflowTest -->
    </test> <!-- ProductWorkflow -->
  </suite> <!-- Flipkart Automation Suite -->
</testng-results>
